[14:25:12.813] [INFO]: Loading config 'startup.json'.
[14:25:33.490] [INFO]: Loaded plugins: almostunified:common, almostunified:neoforge
[14:25:46.412] [WARN]: Reload detected. Reconstructing runtime.
[14:25:46.414] [INFO]: Loading config 'debug.json'.
[14:25:46.416] [INFO]: Loading config 'placeholders.json'.
[14:25:46.419] [INFO]: Loading config 'tags.json'.
[14:25:46.432] [WARN]: The following mods are used in unification settings, but are not loaded: [biggerreactors]
[14:25:46.481] [ERROR]: forbidden_arcanus:stella_arcanum is bound to multiple stone variant tags: TagKey[minecraft:item / c:ores_in_ground/deepslate] and TagKey[minecraft:item / c:ores_in_ground/stone]
[14:25:46.481] [ERROR]: forbidden_arcanus:stella_arcanum is bound to multiple stone variant tags: TagKey[minecraft:block / c:ores_in_ground/stone] and TagKey[minecraft:block / c:ores_in_ground/deepslate]
[14:25:46.496] [INFO]: [AutoHiding] Hiding 3/4 items for tag '#c:plates/aluminum' -> [immersiveengineering:plate_aluminum, xycraft_machines:aluminum_sheet, modern_industrialization:aluminum_plate]
[14:25:46.497] [INFO]: [AutoHiding] Hiding 1/2 items for tag '#c:gears/nickel' -> [railcraft:nickel_gear]
[14:25:46.497] [INFO]: [AutoHiding] Hiding 3/7 items for tag '#c:ores/osmium' -> [mekanism:deepslate_osmium_ore, mekanism:osmium_ore, alltheores:other_osmium_ore]
[14:25:46.500] [INFO]: [AutoHiding] Hiding 4/5 items for tag '#c:ingots/bronze' -> [railcraft:bronze_ingot, modern_industrialization:bronze_ingot, mekanism:ingot_bronze, silentgear:bronze_ingot]
[14:25:46.500] [INFO]: [AutoHiding] Hiding 1/2 items for tag '#atm10:tiny_coals' -> [actuallyadditions:tiny_coal]
[14:25:46.500] [INFO]: [AutoHiding] Hiding 2/3 items for tag '#c:plates/electrum' -> [immersiveengineering:plate_electrum, modern_industrialization:electrum_plate]
[14:25:46.501] [INFO]: [AutoHiding] Hiding 1/2 items for tag '#c:crystals/lead' -> [mekanism:crystal_lead]
[14:25:46.501] [INFO]: [AutoHiding] Hiding 1/2 items for tag '#c:storage_blocks/raw_osmium' -> [mekanism:block_raw_osmium]
[14:25:46.501] [INFO]: [AutoHiding] Hiding 1/2 items for tag '#c:gems/sapphire' -> [irons_jewelry:sapphire]
[14:25:46.501] [INFO]: [AutoHiding] Hiding 1/2 items for tag '#c:ingots/brass' -> [railcraft:brass_ingot]
[14:25:46.501] [INFO]: [AutoHiding] Hiding 1/2 items for tag '#c:clumps/copper' -> [mekanism:clump_copper]
[14:25:46.501] [INFO]: [AutoHiding] Hiding 1/2 items for tag '#c:gems/fluorite' -> [mekanism:fluorite_gem]
[14:25:46.501] [INFO]: [AutoHiding] Hiding 2/3 items for tag '#c:storage_blocks/raw_aluminum' -> [immersiveengineering:raw_block_aluminum, xycraft_world:raw_aluminum_block]
[14:25:46.501] [INFO]: [AutoHiding] Hiding 1/2 items for tag '#c:nuggets/osmium' -> [mekanism:nugget_osmium]
[14:25:46.501] [INFO]: [AutoHiding] Hiding 1/2 items for tag '#c:raw_materials/iridium' -> [modern_industrialization:raw_iridium]
[14:25:46.501] [INFO]: [AutoHiding] Hiding 3/6 items for tag '#c:ores/gold' -> [undergarden:depthrock_gold_ore, deeperdarker:gloomslate_gold_ore, deeperdarker:sculk_stone_gold_ore]
[14:25:46.502] [INFO]: [AutoHiding] Hiding 3/4 items for tag '#c:ingots/aluminum' -> [immersiveengineering:ingot_aluminum, modern_industrialization:aluminum_ingot, xycraft_world:aluminum_ingot]
[14:25:46.502] [INFO]: [AutoHiding] Hiding 1/2 items for tag '#c:dirty_dusts/lead' -> [mekanism:dirty_dust_lead]
[14:25:46.502] [INFO]: [AutoHiding] Hiding 2/3 items for tag '#c:gears/invar' -> [modern_industrialization:invar_gear, railcraft:invar_gear]
[14:25:46.502] [INFO]: [AutoHiding] Hiding 1/2 items for tag '#c:storage_blocks/fluorite' -> [mekanism:block_fluorite]
[14:25:46.505] [INFO]: [AutoHiding] Hiding 1/2 items for tag '#c:dusts/ruby' -> [modern_industrialization:ruby_dust]
[14:25:46.505] [INFO]: [AutoHiding] Hiding 3/4 items for tag '#c:ingots/nickel' -> [modern_industrialization:nickel_ingot, railcraft:nickel_ingot, immersiveengineering:ingot_nickel]
[14:25:46.505] [INFO]: [AutoHiding] Hiding 1/2 items for tag '#c:gears/diamond' -> [industrialforegoing:diamond_gear]
[14:25:46.505] [INFO]: [AutoHiding] Hiding 1/2 items for tag '#c:plates/brass' -> [railcraft:brass_plate]
[14:25:46.506] [INFO]: [AutoHiding] Hiding 4/5 items for tag '#c:nuggets/lead' -> [modern_industrialization:lead_nugget, mekanism:nugget_lead, immersiveengineering:nugget_lead, railcraft:lead_nugget]
[14:25:46.506] [INFO]: [AutoHiding] Hiding 3/4 items for tag '#c:raw_materials/tin' -> [mekanism:raw_tin, railcraft:tin_raw, modern_industrialization:raw_tin]
[14:25:46.506] [INFO]: [AutoHiding] Hiding 1/2 items for tag '#c:storage_blocks/charcoal' -> [justdirethings:charcoal]
[14:25:46.506] [INFO]: [AutoHiding] Hiding 1/2 items for tag '#c:silicon' -> [enderio:silicon]
[14:25:46.506] [INFO]: [AutoHiding] Hiding 1/2 items for tag '#c:rods/uranium' -> [modern_industrialization:uranium_rod]
[14:25:46.506] [INFO]: [AutoHiding] Hiding 1/2 items for tag '#c:dusts/platinum' -> [modern_industrialization:platinum_dust]
[14:25:46.506] [INFO]: [AutoHiding] Hiding 1/2 items for tag '#c:crystals/copper' -> [mekanism:crystal_copper]
[14:25:46.506] [INFO]: [AutoHiding] Hiding 3/4 items for tag '#c:plates/nickel' -> [modern_industrialization:nickel_plate, railcraft:nickel_plate, immersiveengineering:plate_nickel]
[14:25:46.506] [INFO]: [AutoHiding] Hiding 1/2 items for tag '#c:clumps/iron' -> [mekanism:clump_iron]
[14:25:46.506] [INFO]: [AutoHiding] Hiding 4/5 items for tag '#c:dusts/sulfur' -> [immersiveengineering:dust_sulfur, modern_industrialization:sulfur_dust, mekanism:dust_sulfur, railcraft:sulfur_dust]
[14:25:46.507] [INFO]: [AutoHiding] Hiding 8/12 items for tag '#c:ores/uranium' -> [bigreactors:yellorite_ore, modern_industrialization:deepslate_uranium_ore, alltheores:other_uranium_ore, mekanism:deepslate_uranium_ore, immersiveengineering:ore_uranium, mekanism:uranium_ore, modern_industrialization:uranium_ore, immersiveengineering:deepslate_ore_uranium]
[14:25:46.507] [INFO]: [AutoHiding] Hiding 3/4 items for tag '#c:storage_blocks/aluminum' -> [xycraft_world:aluminum_storage, modern_industrialization:aluminum_block, immersiveengineering:storage_aluminum]
[14:25:46.507] [INFO]: [AutoHiding] Hiding 4/5 items for tag '#c:plates/gold' -> [railcraft:gold_plate, immersiveengineering:plate_gold, modern_industrialization:gold_plate, xycraft_machines:gold_sheet]
[14:25:46.507] [INFO]: [AutoHiding] Hiding 1/2 items for tag '#c:raw_materials/platinum' -> [modern_industrialization:raw_platinum]
[14:25:46.507] [INFO]: [AutoHiding] Hiding 1/2 items for tag '#c:nuggets/iridium' -> [modern_industrialization:iridium_nugget]
[14:25:46.507] [INFO]: [AutoHiding] Hiding 1/2 items for tag '#c:storage_blocks/constantan' -> [immersiveengineering:storage_constantan]
[14:25:46.508] [INFO]: [AutoHiding] Hiding 3/4 items for tag '#c:dusts/steel' -> [mekanism:dust_steel, immersiveengineering:dust_steel, modern_industrialization:steel_dust]
[14:25:46.508] [INFO]: [AutoHiding] Hiding 3/4 items for tag '#c:storage_blocks/raw_uranium' -> [mekanism:block_raw_uranium, modern_industrialization:raw_uranium_block, immersiveengineering:raw_block_uranium]
[14:25:46.508] [INFO]: [AutoHiding] Hiding 4/5 items for tag '#c:plates/copper' -> [railcraft:copper_plate, modern_industrialization:copper_plate, immersiveengineering:plate_copper, xycraft_machines:copper_sheet]
[14:25:46.508] [INFO]: [AutoHiding] Hiding 2/3 items for tag '#c:gears/steel' -> [railcraft:steel_gear, modern_industrialization:steel_gear]
[14:25:46.511] [INFO]: [AutoHiding] Hiding 2/4 items for tag '#c:ores/emerald' -> [deeperdarker:sculk_stone_emerald_ore, deeperdarker:gloomslate_emerald_ore]
[14:25:46.511] [INFO]: [AutoHiding] Hiding 2/4 items for tag '#c:ores/lapis' -> [deeperdarker:gloomslate_lapis_ore, deeperdarker:sculk_stone_lapis_ore]
[14:25:46.511] [INFO]: [AutoHiding] Hiding 1/2 items for tag '#c:dirty_dusts/osmium' -> [mekanism:dirty_dust_osmium]
[14:25:46.511] [INFO]: [AutoHiding] Hiding 1/2 items for tag '#c:plates/diamond' -> [modern_industrialization:diamond_plate]
[14:25:46.512] [INFO]: [AutoHiding] Hiding 1/2 items for tag '#c:ingots/zinc' -> [railcraft:zinc_ingot]
[14:25:46.512] [INFO]: [AutoHiding] Hiding 1/2 items for tag '#c:gears/lead' -> [railcraft:lead_gear]
[14:25:46.512] [INFO]: [AutoHiding] Hiding 7/11 items for tag '#c:ores/nickel' -> [railcraft:deepslate_nickel_ore, immersiveengineering:ore_nickel, alltheores:other_nickel_ore, modern_industrialization:deepslate_nickel_ore, railcraft:nickel_ore, immersiveengineering:deepslate_ore_nickel, modern_industrialization:nickel_ore]
[14:25:46.512] [INFO]: [AutoHiding] Hiding 3/4 items for tag '#c:nuggets/nickel' -> [immersiveengineering:nugget_nickel, railcraft:nickel_nugget, modern_industrialization:nickel_nugget]
[14:25:46.512] [INFO]: [AutoHiding] Hiding 1/2 items for tag '#c:rods/netherite' -> [immersiveengineering:stick_netherite]
[14:25:46.512] [INFO]: [AutoHiding] Hiding 1/2 items for tag '#c:storage_blocks/sulfur' -> [modern_industrialization:sulfur_block]
[14:25:46.513] [INFO]: [AutoHiding] Hiding 6/10 items for tag '#c:ores/aluminum' -> [xycraft_world:aluminum_ore_stone, xycraft_world:aluminum_ore_deepslate, alltheores:other_aluminum_ore, xycraft_world:aluminum_ore_kivi, immersiveengineering:deepslate_ore_aluminum, immersiveengineering:ore_aluminum]
[14:25:46.513] [INFO]: [AutoHiding] Hiding 5/6 items for tag '#c:dusts/copper' -> [enderio:powdered_copper, immersiveengineering:dust_copper, mekanism:dust_copper, modern_industrialization:copper_dust, occultism:copper_dust]
[14:25:46.513] [INFO]: [AutoHiding] Hiding 1/2 items for tag '#c:rods/tin' -> [modern_industrialization:tin_rod]
[14:25:46.514] [INFO]: [AutoHiding] Hiding 7/11 items for tag '#c:ores/silver' -> [occultism:silver_ore, railcraft:deepslate_silver_ore, immersiveengineering:ore_silver, railcraft:silver_ore, alltheores:other_silver_ore, immersiveengineering:deepslate_ore_silver, occultism:silver_ore_deepslate]
[14:25:46.514] [INFO]: [AutoHiding] Hiding 1/2 items for tag '#c:clumps/osmium' -> [mekanism:clump_osmium]
[14:25:46.514] [INFO]: [AutoHiding] Hiding 1/2 items for tag '#c:clumps/uranium' -> [mekanism:clump_uranium]
[14:25:46.514] [INFO]: [AutoHiding] Hiding 1/2 items for tag '#c:plates/constantan' -> [immersiveengineering:plate_constantan]
[14:25:46.514] [INFO]: [AutoHiding] Hiding 2/3 items for tag '#c:plates/tin' -> [railcraft:tin_plate, modern_industrialization:tin_plate]
[14:25:46.515] [INFO]: [AutoHiding] Hiding 4/6 items for tag '#c:ores/iron' -> [undergarden:shiverstone_iron_ore, undergarden:depthrock_iron_ore, deeperdarker:gloomslate_iron_ore, deeperdarker:sculk_stone_iron_ore]
[14:25:46.518] [INFO]: [AutoHiding] Hiding 2/3 items for tag '#c:rods/aluminum' -> [modern_industrialization:aluminum_rod, immersiveengineering:stick_aluminum]
[14:25:46.518] [INFO]: [AutoHiding] Hiding 2/6 items for tag '#c:ores/platinum' -> [modern_industrialization:platinum_ore, alltheores:other_platinum_ore]
[14:25:46.519] [INFO]: [AutoHiding] Hiding 3/4 items for tag '#c:dusts/obsidian' -> [enderio:powdered_obsidian, railcraft:obsidian_dust, occultism:obsidian_dust]
[14:25:46.519] [INFO]: [AutoHiding] Hiding 1/2 items for tag '#c:plates/uranium' -> [immersiveengineering:plate_uranium]
[14:25:46.519] [INFO]: [AutoHiding] Hiding 3/4 items for tag '#c:dusts/lead' -> [immersiveengineering:dust_lead, mekanism:dust_lead, modern_industrialization:lead_dust]
[14:25:46.519] [INFO]: [AutoHiding] Hiding 3/4 items for tag '#c:dusts/diamond' -> [appflux:diamond_dust, modern_industrialization:diamond_dust, mekanism:dust_diamond]
[14:25:46.519] [INFO]: [AutoHiding] Hiding 2/3 items for tag '#c:gears/bronze' -> [modern_industrialization:bronze_gear, railcraft:bronze_gear]
[14:25:46.519] [INFO]: [AutoHiding] Hiding 4/5 items for tag '#c:plates/iron' -> [modern_industrialization:iron_plate, xycraft_machines:iron_sheet, railcraft:iron_plate, immersiveengineering:plate_iron]
[14:25:46.519] [INFO]: [AutoHiding] Hiding 1/2 items for tag '#c:shards/tin' -> [mekanism:shard_tin]
[14:25:46.520] [INFO]: [AutoHiding] Hiding 1/2 items for tag '#c:dusts/charcoal' -> [railcraft:charcoal_dust]
[14:25:46.520] [INFO]: [AutoHiding] Hiding 1/2 items for tag '#c:shards/lead' -> [mekanism:shard_lead]
[14:25:46.520] [INFO]: [AutoHiding] Hiding 1/2 items for tag '#c:shards/uranium' -> [mekanism:shard_uranium]
[14:25:46.520] [INFO]: [AutoHiding] Hiding 1/2 items for tag '#c:gems/ruby' -> [irons_jewelry:ruby]
[14:25:46.520] [INFO]: [AutoHiding] Hiding 4/5 items for tag '#c:nuggets/silver' -> [occultism:silver_nugget, immersiveengineering:nugget_silver, modern_industrialization:silver_nugget, railcraft:silver_nugget]
[14:25:46.520] [INFO]: [AutoHiding] Hiding 1/2 items for tag '#c:crystals/tin' -> [mekanism:crystal_tin]
[14:25:46.520] [INFO]: [AutoHiding] Hiding 1/2 items for tag '#c:dusts/fluorite' -> [mekanism:dust_fluorite]
[14:25:46.520] [INFO]: [AutoHiding] Hiding 1/2 items for tag '#c:ingots/iridium' -> [modern_industrialization:iridium_ingot]
[14:25:46.520] [INFO]: [AutoHiding] Hiding 3/7 items for tag '#c:ores/zinc' -> [railcraft:zinc_ore, alltheores:other_zinc_ore, railcraft:deepslate_zinc_ore]
[14:25:46.521] [INFO]: [AutoHiding] Hiding 3/4 items for tag '#c:nuggets/bronze' -> [modern_industrialization:bronze_nugget, railcraft:bronze_nugget, mekanism:nugget_bronze]
[14:25:46.521] [INFO]: [AutoHiding] Hiding 1/2 items for tag '#c:storage_blocks/raw_platinum' -> [modern_industrialization:raw_platinum_block]
[14:25:46.521] [INFO]: [AutoHiding] Hiding 1/2 items for tag '#c:nuggets/constantan' -> [immersiveengineering:nugget_constantan]
[14:25:46.521] [INFO]: [AutoHiding] Hiding 2/3 items for tag '#c:ingots/electrum' -> [modern_industrialization:electrum_ingot, immersiveengineering:ingot_electrum]
[14:25:46.521] [INFO]: [AutoHiding] Hiding 1/2 items for tag '#c:clumps/gold' -> [mekanism:clump_gold]
[14:25:46.521] [INFO]: [AutoHiding] Hiding 1/2 items for tag '#c:gears/silver' -> [railcraft:silver_gear]
[14:25:46.521] [INFO]: [AutoHiding] Hiding 3/4 items for tag '#c:dusts/coal' -> [railcraft:coal_dust, enderio:powdered_coal, modern_industrialization:coal_dust]
[14:25:46.522] [INFO]: [AutoHiding] Hiding 1/2 items for tag '#c:dusts/constantan' -> [immersiveengineering:dust_constantan]
[14:25:46.522] [INFO]: [AutoHiding] Hiding 4/5 items for tag '#c:ingots/lead' -> [immersiveengineering:ingot_lead, mekanism:ingot_lead, modern_industrialization:lead_ingot, railcraft:lead_ingot]
[14:25:46.522] [INFO]: [AutoHiding] Hiding 3/4 items for tag '#c:plates/steel' -> [railcraft:steel_plate, immersiveengineering:plate_steel, modern_industrialization:steel_plate]
[14:25:46.522] [INFO]: [AutoHiding] Hiding 2/3 items for tag '#c:dusts/electrum' -> [immersiveengineering:dust_electrum, modern_industrialization:electrum_dust]
[14:25:46.523] [INFO]: [AutoHiding] Hiding 2/3 items for tag '#c:gears/tin' -> [railcraft:tin_gear, modern_industrialization:tin_gear]
[14:25:46.523] [INFO]: [AutoHiding] Hiding 2/3 items for tag '#c:nuggets/electrum' -> [modern_industrialization:electrum_nugget, immersiveengineering:nugget_electrum]
[14:25:46.523] [INFO]: [AutoHiding] Hiding 3/4 items for tag '#c:storage_blocks/uranium' -> [immersiveengineering:storage_uranium, modern_industrialization:uranium_block, mekanism:block_uranium]
[14:25:46.523] [INFO]: [AutoHiding] Hiding 6/8 items for tag '#c:ores/redstone' -> [eternal_starlight:haze_ice_redstone_ore, eternal_starlight:voidstone_redstone_ore, eternal_starlight:grimstone_redstone_ore, eternal_starlight:eternal_ice_redstone_ore, deeperdarker:sculk_stone_redstone_ore, deeperdarker:gloomslate_redstone_ore]
[14:25:46.524] [INFO]: [AutoHiding] Hiding 1/2 items for tag '#c:rods/copper' -> [modern_industrialization:copper_rod]
[14:25:46.524] [INFO]: [AutoHiding] Hiding 1/2 items for tag '#c:rods/gold' -> [modern_industrialization:gold_rod]
[14:25:46.524] [INFO]: [AutoHiding] Hiding 1/2 items for tag '#c:ingots/platinum' -> [modern_industrialization:platinum_ingot]
[14:25:46.524] [INFO]: [AutoHiding] Hiding 1/2 items for tag '#c:crystals/gold' -> [mekanism:crystal_gold]
[14:25:46.524] [INFO]: [AutoHiding] Hiding 1/2 items for tag '#c:plates/zinc' -> [railcraft:zinc_plate]
[14:25:46.526] [INFO]: [AutoHiding] Hiding 1/2 items for tag '#c:rods/bronze' -> [modern_industrialization:bronze_rod]
[14:25:46.526] [INFO]: [AutoHiding] Hiding 4/5 items for tag '#c:ingots/silver' -> [modern_industrialization:silver_ingot, railcraft:silver_ingot, occultism:silver_ingot, immersiveengineering:ingot_silver]
[14:25:46.526] [INFO]: [AutoHiding] Hiding 2/3 items for tag '#c:rods/steel' -> [modern_industrialization:steel_rod, immersiveengineering:stick_steel]
[14:25:46.526] [INFO]: [AutoHiding] Hiding 4/5 items for tag '#c:gears/iron' -> [industrialforegoing:iron_gear, modern_industrialization:iron_gear, enderio:iron_gear, railcraft:iron_gear]
[14:25:46.527] [INFO]: [AutoHiding] Hiding 1/2 items for tag '#c:dusts/invar' -> [modern_industrialization:invar_dust]
[14:25:46.527] [INFO]: [AutoHiding] Hiding 9/13 items for tag '#c:ores/lead' -> [modern_industrialization:deepslate_lead_ore, railcraft:deepslate_lead_ore, mekanism:lead_ore, modern_industrialization:lead_ore, alltheores:other_lead_ore, railcraft:lead_ore, immersiveengineering:ore_lead, immersiveengineering:deepslate_ore_lead, mekanism:deepslate_lead_ore]
[14:25:46.527] [INFO]: [AutoHiding] Hiding 3/4 items for tag '#c:dusts/emerald' -> [modern_industrialization:emerald_dust, occultism:emerald_dust, appflux:emerald_dust]
[14:25:46.527] [INFO]: [AutoHiding] Hiding 1/2 items for tag '#c:dirty_dusts/tin' -> [mekanism:dirty_dust_tin]
[14:25:46.527] [INFO]: [AutoHiding] Hiding 1/2 items for tag '#c:dusts/iridium' -> [modern_industrialization:iridium_dust]
[14:25:46.527] [INFO]: [AutoHiding] Hiding 3/4 items for tag '#c:nuggets/tin' -> [mekanism:nugget_tin, modern_industrialization:tin_nugget, railcraft:tin_nugget]
[14:25:46.530] [INFO]: [AutoHiding] Hiding 1/2 items for tag '#c:storage_blocks/raw_iridium' -> [modern_industrialization:raw_iridium_block]
[14:25:46.530] [INFO]: [AutoHiding] Hiding 1/2 items for tag '#c:gears/brass' -> [railcraft:brass_gear]
[14:25:46.531] [INFO]: [AutoHiding] Hiding 3/4 items for tag '#c:storage_blocks/raw_lead' -> [immersiveengineering:raw_block_lead, mekanism:block_raw_lead, modern_industrialization:raw_lead_block]
[14:25:46.531] [INFO]: [AutoHiding] Hiding 2/3 items for tag '#c:dusts/nickel' -> [immersiveengineering:dust_nickel, modern_industrialization:nickel_dust]
[14:25:46.531] [INFO]: [AutoHiding] Hiding 3/4 items for tag '#c:storage_blocks/tin' -> [modern_industrialization:tin_block, railcraft:tin_block, mekanism:block_tin]
[14:25:46.531] [INFO]: [AutoHiding] Hiding 2/3 items for tag '#c:ingots/invar' -> [railcraft:invar_ingot, modern_industrialization:invar_ingot]
[14:25:46.531] [INFO]: [AutoHiding] Hiding 3/7 items for tag '#c:ores/sulfur' -> [railcraft:deepslate_sulfur_ore, alltheores:other_sulfur_ore, railcraft:sulfur_ore]
[14:25:46.531] [INFO]: [AutoHiding] Hiding 1/2 items for tag '#c:dirty_dusts/gold' -> [mekanism:dirty_dust_gold]
[14:25:46.531] [INFO]: [AutoHiding] Hiding 3/4 items for tag '#c:dusts/uranium' -> [immersiveengineering:dust_uranium, modern_industrialization:uranium_dust, mekanism:dust_uranium]
[14:25:46.531] [INFO]: [AutoHiding] Hiding 1/2 items for tag '#c:plates/platinum' -> [modern_industrialization:platinum_plate]
[14:25:46.531] [INFO]: [AutoHiding] Hiding 3/7 items for tag '#c:ores/iridium' -> [modern_industrialization:deepslate_iridium_ore, alltheores:other_iridium_ore, modern_industrialization:iridium_ore]
[14:25:46.532] [INFO]: [AutoHiding] Hiding 1/2 items for tag '#c:ingots/osmium' -> [mekanism:ingot_osmium]
[14:25:46.532] [INFO]: [AutoHiding] Hiding 1/2 items for tag '#atm10:tiny_charcoals' -> [actuallyadditions:tiny_charcoal]
[14:25:46.532] [INFO]: [AutoHiding] Hiding 1/2 items for tag '#c:dirty_dusts/iron' -> [mekanism:dirty_dust_iron]
[14:25:46.532] [INFO]: [AutoHiding] Hiding 3/4 items for tag '#c:dusts/tin' -> [mekanism:dust_tin, enderio:powdered_tin, modern_industrialization:tin_dust]
[14:25:46.532] [INFO]: [AutoHiding] Hiding 1/2 items for tag '#c:gears/zinc' -> [railcraft:zinc_gear]
[14:25:46.533] [INFO]: [AutoHiding] Hiding 3/4 items for tag '#c:nuggets/uranium' -> [immersiveengineering:nugget_uranium, mekanism:nugget_uranium, modern_industrialization:uranium_nugget]
[14:25:46.533] [INFO]: [AutoHiding] Hiding 1/2 items for tag '#c:shards/iron' -> [mekanism:shard_iron]
[14:25:46.533] [INFO]: [AutoHiding] Hiding 1/2 items for tag '#c:shards/copper' -> [mekanism:shard_copper]
[14:25:46.533] [INFO]: [AutoHiding] Hiding 2/3 items for tag '#c:storage_blocks/raw_tin' -> [modern_industrialization:raw_tin_block, mekanism:block_raw_tin]
[14:25:46.534] [INFO]: [AutoHiding] Hiding 3/7 items for tag '#c:ores/fluorite' -> [mekanism:deepslate_fluorite_ore, alltheores:other_fluorite_ore, mekanism:fluorite_ore]
[14:25:46.537] [INFO]: [AutoHiding] Hiding 4/5 items for tag '#c:raw_materials/lead' -> [mekanism:raw_lead, modern_industrialization:raw_lead, immersiveengineering:raw_lead, railcraft:lead_raw]
[14:25:46.537] [INFO]: [AutoHiding] Hiding 1/2 items for tag '#c:crystals/iron' -> [mekanism:crystal_iron]
[14:25:46.537] [INFO]: [AutoHiding] Hiding 4/5 items for tag '#c:storage_blocks/steel' -> [modern_industrialization:steel_block, mekanism:block_steel, railcraft:steel_block, immersiveengineering:storage_steel]
[14:25:46.538] [INFO]: [AutoHiding] Hiding 3/4 items for tag '#c:nuggets/aluminum' -> [modern_industrialization:aluminum_nugget, immersiveengineering:nugget_aluminum, xycraft_world:aluminum_nugget]
[14:25:46.538] [INFO]: [AutoHiding] Hiding 2/3 items for tag '#c:dusts/ender_pearl' -> [enderio:powdered_ender_pearl, railcraft:ender_dust]
[14:25:46.538] [INFO]: [AutoHiding] Hiding 2/3 items for tag '#c:plates/invar' -> [railcraft:invar_plate, modern_industrialization:invar_plate]
[14:25:46.538] [INFO]: [AutoHiding] Hiding 3/4 items for tag '#c:plates/lead' -> [modern_industrialization:lead_plate, immersiveengineering:plate_lead, railcraft:lead_plate]
[14:25:46.538] [INFO]: [AutoHiding] Hiding 4/5 items for tag '#c:nuggets/steel' -> [mekanism:nugget_steel, railcraft:steel_nugget, modern_industrialization:steel_nugget, immersiveengineering:nugget_steel]
[14:25:46.538] [INFO]: [AutoHiding] Hiding 1/2 items for tag '#c:gears/aluminum' -> [modern_industrialization:aluminum_gear]
[14:25:46.538] [INFO]: [AutoHiding] Hiding 4/6 items for tag '#c:ores/coal' -> [undergarden:depthrock_coal_ore, deeperdarker:gloomslate_coal_ore, deeperdarker:sculk_stone_coal_ore, undergarden:shiverstone_coal_ore]
[14:25:46.538] [INFO]: [AutoHiding] Hiding 3/4 items for tag '#c:dusts/lapis' -> [enderio:powdered_lapis_lazuli, modern_industrialization:lapis_dust, occultism:lapis_dust]
[14:25:46.539] [INFO]: [AutoHiding] Hiding 3/4 items for tag '#c:plates/silver' -> [modern_industrialization:silver_plate, railcraft:silver_plate, immersiveengineering:plate_silver]
[14:25:46.539] [INFO]: [AutoHiding] Hiding 2/3 items for tag '#c:storage_blocks/electrum' -> [immersiveengineering:storage_electrum, modern_industrialization:electrum_block]
[14:25:46.540] [INFO]: [AutoHiding] Hiding 7/11 items for tag '#c:ores/tin' -> [railcraft:deepslate_tin_ore, mekanism:tin_ore, modern_industrialization:tin_ore, alltheores:other_tin_ore, railcraft:tin_ore, mekanism:deepslate_tin_ore, modern_industrialization:deepslate_tin_ore]
[14:25:46.540] [INFO]: [AutoHiding] Hiding 1/2 items for tag '#c:crystals/osmium' -> [mekanism:crystal_osmium]
[14:25:46.540] [INFO]: [AutoHiding] Hiding 4/5 items for tag '#c:raw_materials/silver' -> [immersiveengineering:raw_silver, railcraft:silver_raw, occultism:raw_silver, modern_industrialization:raw_silver]
[14:25:46.540] [INFO]: [AutoHiding] Hiding 3/4 items for tag '#c:gears/gold' -> [railcraft:gold_gear, modern_industrialization:gold_gear, industrialforegoing:gold_gear]
[14:25:46.540] [INFO]: [AutoHiding] Hiding 2/3 items for tag '#c:dusts/bronze' -> [mekanism:dust_bronze, modern_industrialization:bronze_dust]
[14:25:46.541] [INFO]: [AutoHiding] Hiding 3/4 items for tag '#c:rods/iron' -> [modern_industrialization:iron_rod, silentgear:iron_rod, immersiveengineering:stick_iron]
[14:25:46.541] [INFO]: [AutoHiding] Hiding 2/3 items for tag '#c:storage_blocks/raw_nickel' -> [modern_industrialization:raw_nickel_block, immersiveengineering:raw_block_nickel]
[14:25:46.541] [INFO]: [AutoHiding] Hiding 1/2 items for tag '#c:nuggets/zinc' -> [railcraft:zinc_nugget]
[14:25:46.541] [INFO]: [AutoHiding] Hiding 1/2 items for tag '#c:raw_materials/zinc' -> [railcraft:zinc_raw]
[14:25:46.541] [INFO]: [AutoHiding] Hiding 4/5 items for tag '#c:ingots/uranium' -> [immersiveengineering:ingot_uranium, modern_industrialization:uranium_ingot, bigreactors:yellorium_ingot, mekanism:ingot_uranium]
[14:25:46.542] [INFO]: [AutoHiding] Hiding 4/6 items for tag '#c:ores/diamond' -> [undergarden:shiverstone_diamond_ore, deeperdarker:sculk_stone_diamond_ore, deeperdarker:gloomslate_diamond_ore, undergarden:depthrock_diamond_ore]
[14:25:46.545] [INFO]: [AutoHiding] Hiding 2/3 items for tag '#c:dusts/aluminum' -> [modern_industrialization:aluminum_dust, immersiveengineering:dust_aluminum]
[14:25:46.545] [INFO]: [AutoHiding] Hiding 3/4 items for tag '#c:storage_blocks/bronze' -> [railcraft:bronze_block, mekanism:block_bronze, modern_industrialization:bronze_block]
[14:25:46.545] [INFO]: [AutoHiding] Hiding 2/3 items for tag '#c:plates/bronze' -> [railcraft:bronze_plate, modern_industrialization:bronze_plate]
[14:25:46.546] [INFO]: [AutoHiding] Hiding 5/6 items for tag '#c:ingots/steel' -> [railcraft:steel_ingot, mekanism:ingot_steel, immersiveengineering:ingot_steel, modern_industrialization:steel_ingot, mffs:steel_ingot]
[14:25:46.546] [INFO]: [AutoHiding] Hiding 1/2 items for tag '#c:storage_blocks/zinc' -> [railcraft:zinc_block]
[14:25:46.546] [INFO]: [AutoHiding] Hiding 4/5 items for tag '#c:storage_blocks/silver' -> [occultism:silver_block, railcraft:silver_block, immersiveengineering:storage_silver, modern_industrialization:silver_block]
[14:25:46.546] [INFO]: [AutoHiding] Hiding 3/4 items for tag '#c:dusts/netherite' -> [occultism:netherite_dust, mekanism:dust_netherite, extended_industrialization:netherite_dust]
[14:25:46.546] [INFO]: [AutoHiding] Hiding 1/2 items for tag '#c:dirty_dusts/uranium' -> [mekanism:dirty_dust_uranium]
[14:25:46.546] [INFO]: [AutoHiding] Hiding 2/4 items for tag '#c:ores/copper' -> [deeperdarker:sculk_stone_copper_ore, deeperdarker:gloomslate_copper_ore]
[14:25:46.547] [INFO]: [AutoHiding] Hiding 5/6 items for tag '#c:dusts/gold' -> [mekanism:dust_gold, occultism:gold_dust, enderio:powdered_gold, modern_industrialization:gold_dust, immersiveengineering:dust_gold]
[14:25:46.547] [INFO]: [AutoHiding] Hiding 3/4 items for tag '#c:raw_materials/nickel' -> [modern_industrialization:raw_nickel, immersiveengineering:raw_nickel, railcraft:nickel_raw]
[14:25:46.547] [INFO]: [AutoHiding] Hiding 1/2 items for tag '#c:gears/netherite' -> [mifa:netherite_gear]
[14:25:46.547] [INFO]: [AutoHiding] Hiding 1/2 items for tag '#c:raw_materials/osmium' -> [mekanism:raw_osmium]
[14:25:46.547] [INFO]: [AutoHiding] Hiding 1/2 items for tag '#c:shards/gold' -> [mekanism:shard_gold]
[14:25:46.547] [INFO]: [AutoHiding] Hiding 1/2 items for tag '#c:nuggets/brass' -> [railcraft:brass_nugget]
[14:25:46.547] [INFO]: [AutoHiding] Hiding 5/6 items for tag '#c:dusts/iron' -> [mekanism:dust_iron, modern_industrialization:iron_dust, occultism:iron_dust, enderio:powdered_iron, immersiveengineering:dust_iron]
[14:25:46.547] [INFO]: [AutoHiding] Hiding 1/2 items for tag '#c:dusts/osmium' -> [mekanism:dust_osmium]
[14:25:46.547] [INFO]: [AutoHiding] Hiding 1/2 items for tag '#c:rods/invar' -> [modern_industrialization:invar_rod]
[14:25:46.547] [INFO]: [AutoHiding] Hiding 1/2 items for tag '#c:storage_blocks/platinum' -> [modern_industrialization:platinum_block]
[14:25:46.548] [INFO]: [AutoHiding] Hiding 3/4 items for tag '#c:raw_materials/uranium' -> [modern_industrialization:raw_uranium, immersiveengineering:raw_uranium, mekanism:raw_uranium]
[14:25:46.548] [INFO]: [AutoHiding] Hiding 1/2 items for tag '#c:shards/osmium' -> [mekanism:shard_osmium]
[14:25:46.548] [INFO]: [AutoHiding] Hiding 1/2 items for tag '#c:crystals/uranium' -> [mekanism:crystal_uranium]
[14:25:46.548] [INFO]: [AutoHiding] Hiding 4/5 items for tag '#c:storage_blocks/lead' -> [modern_industrialization:lead_block, railcraft:lead_block, immersiveengineering:storage_lead, mekanism:block_lead]
[14:25:46.548] [INFO]: [AutoHiding] Hiding 2/3 items for tag '#c:raw_materials/aluminum' -> [xycraft_world:raw_aluminum, immersiveengineering:raw_aluminum]
[14:25:46.548] [INFO]: [AutoHiding] Hiding 1/2 items for tag '#c:nuggets/platinum' -> [modern_industrialization:platinum_nugget]
[14:25:46.549] [INFO]: [AutoHiding] Hiding 1/2 items for tag '#c:plates/iridium' -> [modern_industrialization:iridium_plate]
[14:25:46.549] [INFO]: [AutoHiding] Hiding 1/2 items for tag '#c:dirty_dusts/copper' -> [mekanism:dirty_dust_copper]
[14:25:46.549] [INFO]: [AutoHiding] Hiding 3/4 items for tag '#c:ingots/tin' -> [railcraft:tin_ingot, mekanism:ingot_tin, modern_industrialization:tin_ingot]
[14:25:46.549] [INFO]: [AutoHiding] Hiding 3/4 items for tag '#c:storage_blocks/raw_silver' -> [immersiveengineering:raw_block_silver, modern_industrialization:raw_silver_block, occultism:raw_silver_block]
[14:25:46.549] [INFO]: [AutoHiding] Hiding 3/4 items for tag '#c:dusts/silver' -> [modern_industrialization:silver_dust, immersiveengineering:dust_silver, occultism:silver_dust]
[14:25:46.550] [INFO]: [AutoHiding] Hiding 3/4 items for tag '#c:storage_blocks/nickel' -> [modern_industrialization:nickel_block, railcraft:nickel_block, immersiveengineering:storage_nickel]
[14:25:46.553] [INFO]: [AutoHiding] Hiding 1/2 items for tag '#c:storage_blocks/brass' -> [railcraft:brass_block]
[14:25:46.553] [INFO]: [AutoHiding] Hiding 1/2 items for tag '#c:clumps/tin' -> [mekanism:clump_tin]
[14:25:46.553] [INFO]: [AutoHiding] Hiding 1/2 items for tag '#c:storage_blocks/osmium' -> [mekanism:block_osmium]
[14:25:46.553] [INFO]: [AutoHiding] Hiding 2/3 items for tag '#c:gears/copper' -> [railcraft:copper_gear, modern_industrialization:copper_gear]
[14:25:46.553] [INFO]: [AutoHiding] Hiding 1/2 items for tag '#c:storage_blocks/iridium' -> [modern_industrialization:iridium_block]
[14:25:46.554] [INFO]: [AutoHiding] Hiding 4/5 items for tag '#c:nuggets/copper' -> [immersiveengineering:nugget_copper, everythingcopper:copper_nugget, modern_industrialization:copper_nugget, pneumaticcraft:copper_nugget]
[14:25:46.554] [INFO]: [AutoHiding] Hiding 1/2 items for tag '#c:clumps/lead' -> [mekanism:clump_lead]
[14:25:46.554] [INFO]: [AutoHiding] Hiding 1/2 items for tag '#c:gems/peridot' -> [irons_jewelry:peridot]
[14:25:46.554] [INFO]: [AutoHiding] Hiding 2/3 items for tag '#c:storage_blocks/invar' -> [railcraft:invar_block, modern_industrialization:invar_block]
[14:25:46.554] [INFO]: [AutoHiding] Hiding 1/2 items for tag '#c:ingots/constantan' -> [immersiveengineering:ingot_constantan]
[14:25:46.554] [INFO]: [AutoHiding] Hiding 2/3 items for tag '#c:nuggets/invar' -> [modern_industrialization:invar_nugget, railcraft:invar_nugget]
[14:25:48.454] [INFO]: Loading config 'duplicates.json'.
[14:25:48.458] [INFO]: Recipe count: 60935
[14:25:48.465] [WARN]: Could not detect recipe type for recipe 'cataclysm:blasting/ancient_metal_nugget_from_blasting', skipping.
[14:25:48.466] [WARN]: Could not detect recipe type for recipe 'cataclysm:stonecutting/end_stone_pillar_from_stonecutting', skipping.
[14:25:48.469] [WARN]: Could not detect recipe type for recipe 'bibliocraft:wood/jungle/fancy_sign', skipping.
[14:25:48.469] [WARN]: Could not detect recipe type for recipe 'bibliocraft:wood/mangrove/fancy_sign', skipping.
[14:25:48.470] [WARN]: Could not detect recipe type for recipe 'cataclysm:stonecutting/polished_end_stone_from_stonecutting', skipping.
[14:25:48.471] [WARN]: Could not detect recipe type for recipe 'cataclysm:stonecutting/obsidian_bricks_from_stonecutting', skipping.
[14:25:48.472] [WARN]: Could not detect recipe type for recipe 'bibliocraft:wood/warped/fancy_sign', skipping.
[14:25:48.473] [WARN]: Could not detect recipe type for recipe 'cataclysm:stonecutting/stone_tile_wall_from_stonecutting', skipping.
[14:25:48.474] [WARN]: Could not detect recipe type for recipe 'cataclysm:stonecutting/chiseled_purpur_block_from_stonecutting', skipping.
[14:25:48.475] [WARN]: Could not detect recipe type for recipe 'cataclysm:stonecutting/obsidian_brick_wall_from_stonecutting', skipping.
[14:25:48.476] [WARN]: Could not detect recipe type for recipe 'cataclysm:stonecutting/polished_end_stone_stairs_from_stonecutting', skipping.
[14:25:48.480] [WARN]: Could not detect recipe type for recipe 'cataclysm:stonecutting/obsidian_brick_stairs_from_stonecutting', skipping.
[14:25:48.482] [WARN]: Could not detect recipe type for recipe 'cataclysm:stonecutting/stone_tile_slab_from_stonecutting', skipping.
[14:25:48.484] [WARN]: Could not detect recipe type for recipe 'cataclysm:stonecutting/purpur_wall_from_stonecutting', skipping.
[14:25:48.484] [WARN]: Could not detect recipe type for recipe 'cataclysm:stonecutting/chiseled_stone_brick_pillar_from_stonecutting', skipping.
[14:25:48.485] [WARN]: Could not detect recipe type for recipe 'sushigocrafting:fermenting_barrel/soy', skipping.
[14:25:48.485] [WARN]: Could not detect recipe type for recipe 'cataclysm:stonecutting/chiseled_end_stone_bricks_from_stonecutting', skipping.
[14:25:48.486] [WARN]: Could not detect recipe type for recipe 'bibliocraft:wood/birch/fancy_sign', skipping.
[14:25:48.486] [WARN]: Could not detect recipe type for recipe 'cataclysm:stonecutting/frosted_stone_brick_wall_from_stonecutting', skipping.
[14:25:48.486] [WARN]: Could not detect recipe type for recipe 'cataclysm:stonecutting/stone_tile_stairs_from_stonecutting', skipping.
[14:25:48.487] [WARN]: Could not detect recipe type for recipe 'cataclysm:stonecutting/quartz_brick_wall_from_stonecutting', skipping.
[14:25:48.487] [WARN]: Could not detect recipe type for recipe 'cataclysm:stonecutting/obsidian_brick_slab_from_stonecutting', skipping.
[14:25:48.489] [WARN]: Could not detect recipe type for recipe 'cataclysm:stonecutting/polished_end_stone_slab_from_stonecutting', skipping.
[14:25:48.490] [WARN]: Could not detect recipe type for recipe 'bibliocraft:wood/bamboo/fancy_sign', skipping.
[14:25:48.491] [WARN]: Could not detect recipe type for recipe 'cataclysm:blasting/black_steel_nugget_from_blasting', skipping.
[14:25:48.492] [WARN]: Could not detect recipe type for recipe 'immersiveengineering:arc_recycling_list', skipping.
[14:25:48.492] [WARN]: Could not detect recipe type for recipe 'cataclysm:stonecutting/frosted_stone_brick_stairs_from_stonecutting', skipping.
[14:25:48.494] [WARN]: Could not detect recipe type for recipe 'bibliocraft:wood/crimson/fancy_sign', skipping.
[14:25:48.494] [WARN]: Could not detect recipe type for recipe 'cataclysm:stonecutting/chiseled_obsidian_bricks_from_stonecutting', skipping.
[14:25:48.495] [WARN]: Could not detect recipe type for recipe 'cataclysm:stonecutting/frosted_stone_brick_slab_from_stonecutting', skipping.
[14:25:48.495] [WARN]: Could not detect recipe type for recipe 'cataclysm:stonecutting/stone_tiles_from_stonecutting', skipping.
[14:25:48.496] [WARN]: Could not detect recipe type for recipe 'bibliocraft:wood/dark_oak/fancy_sign', skipping.
[14:25:48.496] [WARN]: Could not detect recipe type for recipe 'bibliocraft:wood/oak/fancy_sign', skipping.
[14:25:48.496] [WARN]: Could not detect recipe type for recipe 'cataclysm:stonecutting/stone_pillar_from_stonecutting', skipping.
[14:25:48.496] [WARN]: Could not detect recipe type for recipe 'bibliocraft:wood/cherry/fancy_sign', skipping.
[14:25:48.498] [WARN]: Could not detect recipe type for recipe 'bibliocraft:wood/spruce/fancy_sign', skipping.
[14:25:48.499] [WARN]: Could not detect recipe type for recipe 'bibliocraft:wood/acacia/fancy_sign', skipping.
[14:26:09.899] [INFO]: Recipe count afterwards: 60285 (done in 21.44 s)
